<?xml version="1.0" encoding="UTF-8"?>
<!-- Generated by org.testng.reporters.JUnitReportReporter -->
<testsuite hostname="DESKTOP-NO7SJ3E" failures="0" tests="1" name="hms.admin.testcases.DashboardTest" time="57.542" errors="0" timestamp="2022-03-20T18:55:04 IST" skipped="0">
  <testcase classname="hms.admin.testcases.DashboardTest" name="dashtest" time="57.542"/>
  <system-out/>
</testsuite> <!-- hms.admin.testcases.DashboardTest -->
