<?xml version="1.0" encoding="UTF-8"?>
<!-- Generated by org.testng.reporters.JUnitReportReporter -->
<testsuite hostname="DESKTOP-NO7SJ3E" failures="0" tests="1" name="hms.admin.testcases.FrontofficeTest" time="64.212" errors="0" timestamp="2022-03-20T18:55:04 IST" skipped="0">
  <testcase classname="hms.admin.testcases.FrontofficeTest" name="clickvisitor" time="64.212"/>
  <system-out/>
</testsuite> <!-- hms.admin.testcases.FrontofficeTest -->
